{"C:\\Users\\Ayushmaan Paul\\Downloads\\leetCodeBackend\\problem-service\\src\\controllers\\problem.controller.js": {"path":"C:\\Users\\Ayushmaan Paul\\Downloads\\leetCodeBackend\\problem-service\\src\\controllers\\problem.controller.js","statementMap":{"0":{"start":{"line":1,"column":24},"end":{"line":1,"column":52}},"1":{"start":{"line":2,"column":23},"end":{"line":2,"column":64}},"2":{"start":{"line":3,"column":27},"end":{"line":3,"column":49}},"3":{"start":{"line":4,"column":30},"end":{"line":4,"column":57}},"4":{"start":{"line":5,"column":23},"end":{"line":5,"column":66}},"5":{"start":{"line":7,"column":1},"end":{"line":9,"column":49}},"6":{"start":{"line":13,"column":1},"end":{"line":24,"column":2}},"7":{"start":{"line":14,"column":2},"end":{"line":14,"column":45}},"8":{"start":{"line":15,"column":21},"end":{"line":15,"column":65}},"9":{"start":{"line":16,"column":2},"end":{"line":21,"column":5}},"10":{"start":{"line":23,"column":2},"end":{"line":23,"column":14}},"11":{"start":{"line":28,"column":1},"end":{"line":39,"column":2}},"12":{"start":{"line":29,"column":18},"end":{"line":29,"column":64}},"13":{"start":{"line":30,"column":2},"end":{"line":35,"column":5}},"14":{"start":{"line":38,"column":2},"end":{"line":38,"column":14}},"15":{"start":{"line":43,"column":1},"end":{"line":53,"column":2}},"16":{"start":{"line":44,"column":19},"end":{"line":44,"column":56}},"17":{"start":{"line":45,"column":2},"end":{"line":50,"column":5}},"18":{"start":{"line":52,"column":2},"end":{"line":52,"column":14}},"19":{"start":{"line":57,"column":1},"end":{"line":67,"column":2}},"20":{"start":{"line":58,"column":19},"end":{"line":58,"column":68}},"21":{"start":{"line":59,"column":2},"end":{"line":64,"column":5}},"22":{"start":{"line":66,"column":2},"end":{"line":66,"column":14}},"23":{"start":{"line":70,"column":1},"end":{"line":74,"column":2}},"24":{"start":{"line":71,"column":2},"end":{"line":71,"column":44}},"25":{"start":{"line":73,"column":2},"end":{"line":73,"column":14}},"26":{"start":{"line":76,"column":0},"end":{"line":83,"column":2}}},"fnMap":{"0":{"name":"pingProblemControllers","decl":{"start":{"line":6,"column":9},"end":{"line":6,"column":31}},"loc":{"start":{"line":6,"column":42},"end":{"line":10,"column":1}},"line":6},"1":{"name":"addProblem","decl":{"start":{"line":12,"column":15},"end":{"line":12,"column":25}},"loc":{"start":{"line":12,"column":42},"end":{"line":25,"column":1}},"line":12},"2":{"name":"getProblem","decl":{"start":{"line":27,"column":15},"end":{"line":27,"column":25}},"loc":{"start":{"line":27,"column":42},"end":{"line":40,"column":1}},"line":27},"3":{"name":"getProblems","decl":{"start":{"line":42,"column":15},"end":{"line":42,"column":26}},"loc":{"start":{"line":42,"column":43},"end":{"line":54,"column":1}},"line":42},"4":{"name":"deleteProblem","decl":{"start":{"line":56,"column":15},"end":{"line":56,"column":28}},"loc":{"start":{"line":56,"column":45},"end":{"line":68,"column":1}},"line":56},"5":{"name":"updateProblem","decl":{"start":{"line":69,"column":9},"end":{"line":69,"column":22}},"loc":{"start":{"line":69,"column":39},"end":{"line":75,"column":1}},"line":69}},"branchMap":{},"s":{"0":1,"1":1,"2":1,"3":1,"4":1,"5":0,"6":0,"7":0,"8":0,"9":0,"10":0,"11":1,"12":1,"13":0,"14":1,"15":1,"16":1,"17":1,"18":0,"19":0,"20":0,"21":0,"22":0,"23":0,"24":0,"25":0,"26":1},"f":{"0":0,"1":0,"2":1,"3":1,"4":0,"5":0},"b":{},"_coverageSchema":"1a1c01bbd47fc00a2c39e90264f33305004495a9","hash":"aea365a6e649ecc5d1db4c3addc05c0974a1fe9a"}
,"C:\\Users\\Ayushmaan Paul\\Downloads\\leetCodeBackend\\problem-service\\src\\errors\\Notimplemented.error.js": {"path":"C:\\Users\\Ayushmaan Paul\\Downloads\\leetCodeBackend\\problem-service\\src\\errors\\Notimplemented.error.js","statementMap":{"0":{"start":{"line":1,"column":18},"end":{"line":1,"column":41}},"1":{"start":{"line":2,"column":24},"end":{"line":2,"column":52}},"2":{"start":{"line":6,"column":2},"end":{"line":11,"column":4}},"3":{"start":{"line":14,"column":0},"end":{"line":14,"column":32}}},"fnMap":{"0":{"name":"(anonymous_0)","decl":{"start":{"line":5,"column":1},"end":{"line":5,"column":2}},"loc":{"start":{"line":5,"column":25},"end":{"line":12,"column":2}},"line":5}},"branchMap":{},"s":{"0":1,"1":1,"2":0,"3":1},"f":{"0":0},"b":{},"_coverageSchema":"1a1c01bbd47fc00a2c39e90264f33305004495a9","hash":"efef683e41b6fa90c08cfd620adaf86233a8aaf1"}
,"C:\\Users\\Ayushmaan Paul\\Downloads\\leetCodeBackend\\problem-service\\src\\errors\\base.error.js": {"path":"C:\\Users\\Ayushmaan Paul\\Downloads\\leetCodeBackend\\problem-service\\src\\errors\\base.error.js","statementMap":{"0":{"start":{"line":3,"column":2},"end":{"line":3,"column":21}},"1":{"start":{"line":4,"column":2},"end":{"line":4,"column":19}},"2":{"start":{"line":5,"column":2},"end":{"line":5,"column":31}},"3":{"start":{"line":6,"column":2},"end":{"line":6,"column":25}},"4":{"start":{"line":10,"column":0},"end":{"line":10,"column":27}}},"fnMap":{"0":{"name":"(anonymous_0)","decl":{"start":{"line":2,"column":1},"end":{"line":2,"column":2}},"loc":{"start":{"line":2,"column":53},"end":{"line":7,"column":2}},"line":2}},"branchMap":{},"s":{"0":1,"1":1,"2":1,"3":1,"4":1},"f":{"0":1},"b":{},"_coverageSchema":"1a1c01bbd47fc00a2c39e90264f33305004495a9","hash":"6e5c5bb55b0df376e48bd2d5939e19853b2cf712"}
,"C:\\Users\\Ayushmaan Paul\\Downloads\\leetCodeBackend\\problem-service\\src\\errors\\notFound.error.js": {"path":"C:\\Users\\Ayushmaan Paul\\Downloads\\leetCodeBackend\\problem-service\\src\\errors\\notFound.error.js","statementMap":{"0":{"start":{"line":1,"column":18},"end":{"line":1,"column":41}},"1":{"start":{"line":2,"column":24},"end":{"line":2,"column":52}},"2":{"start":{"line":6,"column":2},"end":{"line":14,"column":4}},"3":{"start":{"line":17,"column":0},"end":{"line":17,"column":26}}},"fnMap":{"0":{"name":"(anonymous_0)","decl":{"start":{"line":5,"column":1},"end":{"line":5,"column":2}},"loc":{"start":{"line":5,"column":42},"end":{"line":15,"column":2}},"line":5}},"branchMap":{},"s":{"0":1,"1":1,"2":1,"3":1},"f":{"0":1},"b":{},"_coverageSchema":"1a1c01bbd47fc00a2c39e90264f33305004495a9","hash":"c18da311fb07258a4556aedede7c430190d58d3d"}
,"C:\\Users\\Ayushmaan Paul\\Downloads\\leetCodeBackend\\problem-service\\src\\models\\index.js": {"path":"C:\\Users\\Ayushmaan Paul\\Downloads\\leetCodeBackend\\problem-service\\src\\models\\index.js","statementMap":{"0":{"start":{"line":1,"column":0},"end":{"line":3,"column":2}}},"fnMap":{},"branchMap":{},"s":{"0":1},"f":{},"b":{},"_coverageSchema":"1a1c01bbd47fc00a2c39e90264f33305004495a9","hash":"247a2c58aa5db1b7affa12bf2df428ec7cea9c20"}
,"C:\\Users\\Ayushmaan Paul\\Downloads\\leetCodeBackend\\problem-service\\src\\models\\problem.model.js": {"path":"C:\\Users\\Ayushmaan Paul\\Downloads\\leetCodeBackend\\problem-service\\src\\models\\problem.model.js","statementMap":{"0":{"start":{"line":1,"column":17},"end":{"line":1,"column":36}},"1":{"start":{"line":2,"column":22},"end":{"line":32,"column":2}},"2":{"start":{"line":33,"column":16},"end":{"line":33,"column":56}},"3":{"start":{"line":37,"column":0},"end":{"line":37,"column":25}}},"fnMap":{},"branchMap":{},"s":{"0":1,"1":1,"2":1,"3":1},"f":{},"b":{},"_coverageSchema":"1a1c01bbd47fc00a2c39e90264f33305004495a9","hash":"104503f4f329507d3cd58a639e40f8ed0bbeb954"}
,"C:\\Users\\Ayushmaan Paul\\Downloads\\leetCodeBackend\\problem-service\\src\\repositorries\\index.js": {"path":"C:\\Users\\Ayushmaan Paul\\Downloads\\leetCodeBackend\\problem-service\\src\\repositorries\\index.js","statementMap":{"0":{"start":{"line":1,"column":0},"end":{"line":3,"column":2}}},"fnMap":{},"branchMap":{},"s":{"0":1},"f":{},"b":{},"_coverageSchema":"1a1c01bbd47fc00a2c39e90264f33305004495a9","hash":"0b06617cd129fb0de6bf43e3126501c857e0fc96"}
,"C:\\Users\\Ayushmaan Paul\\Downloads\\leetCodeBackend\\problem-service\\src\\repositorries\\problem.repository.js": {"path":"C:\\Users\\Ayushmaan Paul\\Downloads\\leetCodeBackend\\problem-service\\src\\repositorries\\problem.repository.js","statementMap":{"0":{"start":{"line":1,"column":18},"end":{"line":1,"column":36}},"1":{"start":{"line":3,"column":17},"end":{"line":3,"column":52}},"2":{"start":{"line":4,"column":20},"end":{"line":4,"column":40}},"3":{"start":{"line":8,"column":2},"end":{"line":18,"column":3}},"4":{"start":{"line":9,"column":19},"end":{"line":13,"column":5}},"5":{"start":{"line":14,"column":3},"end":{"line":14,"column":18}},"6":{"start":{"line":16,"column":3},"end":{"line":16,"column":22}},"7":{"start":{"line":17,"column":3},"end":{"line":17,"column":15}},"8":{"start":{"line":21,"column":2},"end":{"line":27,"column":3}},"9":{"start":{"line":22,"column":20},"end":{"line":22,"column":42}},"10":{"start":{"line":23,"column":3},"end":{"line":23,"column":19}},"11":{"start":{"line":25,"column":3},"end":{"line":25,"column":22}},"12":{"start":{"line":26,"column":3},"end":{"line":26,"column":15}},"13":{"start":{"line":30,"column":2},"end":{"line":39,"column":3}},"14":{"start":{"line":31,"column":19},"end":{"line":31,"column":45}},"15":{"start":{"line":32,"column":3},"end":{"line":34,"column":4}},"16":{"start":{"line":33,"column":4},"end":{"line":33,"column":38}},"17":{"start":{"line":35,"column":3},"end":{"line":35,"column":18}},"18":{"start":{"line":37,"column":3},"end":{"line":37,"column":22}},"19":{"start":{"line":38,"column":3},"end":{"line":38,"column":15}},"20":{"start":{"line":42,"column":2},"end":{"line":54,"column":3}},"21":{"start":{"line":43,"column":19},"end":{"line":43,"column":54}},"22":{"start":{"line":44,"column":3},"end":{"line":49,"column":4}},"23":{"start":{"line":48,"column":4},"end":{"line":48,"column":38}},"24":{"start":{"line":50,"column":3},"end":{"line":50,"column":18}},"25":{"start":{"line":52,"column":3},"end":{"line":52,"column":22}},"26":{"start":{"line":53,"column":3},"end":{"line":53,"column":15}},"27":{"start":{"line":58,"column":0},"end":{"line":58,"column":35}}},"fnMap":{"0":{"name":"(anonymous_0)","decl":{"start":{"line":7,"column":1},"end":{"line":7,"column":2}},"loc":{"start":{"line":7,"column":34},"end":{"line":19,"column":2}},"line":7},"1":{"name":"(anonymous_1)","decl":{"start":{"line":20,"column":1},"end":{"line":20,"column":2}},"loc":{"start":{"line":20,"column":24},"end":{"line":28,"column":2}},"line":20},"2":{"name":"(anonymous_2)","decl":{"start":{"line":29,"column":1},"end":{"line":29,"column":2}},"loc":{"start":{"line":29,"column":22},"end":{"line":40,"column":2}},"line":29},"3":{"name":"(anonymous_3)","decl":{"start":{"line":41,"column":1},"end":{"line":41,"column":2}},"loc":{"start":{"line":41,"column":25},"end":{"line":55,"column":2}},"line":41}},"branchMap":{"0":{"loc":{"start":{"line":12,"column":15},"end":{"line":12,"column":65}},"type":"cond-expr","locations":[{"start":{"line":12,"column":39},"end":{"line":12,"column":60}},{"start":{"line":12,"column":63},"end":{"line":12,"column":65}}],"line":12},"1":{"loc":{"start":{"line":32,"column":3},"end":{"line":34,"column":4}},"type":"if","locations":[{"start":{"line":32,"column":3},"end":{"line":34,"column":4}},{"start":{},"end":{}}],"line":32},"2":{"loc":{"start":{"line":44,"column":3},"end":{"line":49,"column":4}},"type":"if","locations":[{"start":{"line":44,"column":3},"end":{"line":49,"column":4}},{"start":{},"end":{}}],"line":44}},"s":{"0":1,"1":1,"2":1,"3":0,"4":0,"5":0,"6":0,"7":0,"8":0,"9":0,"10":0,"11":0,"12":0,"13":0,"14":0,"15":0,"16":0,"17":0,"18":0,"19":0,"20":0,"21":0,"22":0,"23":0,"24":0,"25":0,"26":0,"27":1},"f":{"0":0,"1":0,"2":0,"3":0},"b":{"0":[0,0],"1":[0,0],"2":[0,0]},"_coverageSchema":"1a1c01bbd47fc00a2c39e90264f33305004495a9","hash":"6e2ebff17938ff9e1e97ac3422ae8e3b651d0211"}
,"C:\\Users\\Ayushmaan Paul\\Downloads\\leetCodeBackend\\problem-service\\src\\services\\index.js": {"path":"C:\\Users\\Ayushmaan Paul\\Downloads\\leetCodeBackend\\problem-service\\src\\services\\index.js","statementMap":{"0":{"start":{"line":1,"column":0},"end":{"line":3,"column":2}}},"fnMap":{},"branchMap":{},"s":{"0":1},"f":{},"b":{},"_coverageSchema":"1a1c01bbd47fc00a2c39e90264f33305004495a9","hash":"5f26f3fa44c465ee67040aa501cfe33ad62c26dc"}
,"C:\\Users\\Ayushmaan Paul\\Downloads\\leetCodeBackend\\problem-service\\src\\services\\problem.service.js": {"path":"C:\\Users\\Ayushmaan Paul\\Downloads\\leetCodeBackend\\problem-service\\src\\services\\problem.service.js","statementMap":{"0":{"start":{"line":1,"column":32},"end":{"line":1,"column":69}},"1":{"start":{"line":5,"column":2},"end":{"line":5,"column":45}},"2":{"start":{"line":9,"column":2},"end":{"line":9,"column":77}},"3":{"start":{"line":10,"column":2},"end":{"line":10,"column":43}},"4":{"start":{"line":11,"column":18},"end":{"line":11,"column":73}},"5":{"start":{"line":12,"column":2},"end":{"line":12,"column":42}},"6":{"start":{"line":13,"column":2},"end":{"line":13,"column":17}},"7":{"start":{"line":16,"column":19},"end":{"line":16,"column":64}},"8":{"start":{"line":17,"column":2},"end":{"line":17,"column":18}},"9":{"start":{"line":20,"column":18},"end":{"line":20,"column":68}},"10":{"start":{"line":21,"column":2},"end":{"line":21,"column":17}},"11":{"start":{"line":24,"column":18},"end":{"line":24,"column":71}},"12":{"start":{"line":25,"column":2},"end":{"line":25,"column":17}},"13":{"start":{"line":28,"column":0},"end":{"line":28,"column":32}}},"fnMap":{"0":{"name":"(anonymous_0)","decl":{"start":{"line":4,"column":1},"end":{"line":4,"column":2}},"loc":{"start":{"line":4,"column":32},"end":{"line":6,"column":2}},"line":4},"1":{"name":"(anonymous_1)","decl":{"start":{"line":7,"column":1},"end":{"line":7,"column":2}},"loc":{"start":{"line":7,"column":34},"end":{"line":14,"column":2}},"line":7},"2":{"name":"(anonymous_2)","decl":{"start":{"line":15,"column":1},"end":{"line":15,"column":2}},"loc":{"start":{"line":15,"column":24},"end":{"line":18,"column":2}},"line":15},"3":{"name":"(anonymous_3)","decl":{"start":{"line":19,"column":1},"end":{"line":19,"column":2}},"loc":{"start":{"line":19,"column":29},"end":{"line":22,"column":2}},"line":19},"4":{"name":"(anonymous_4)","decl":{"start":{"line":23,"column":1},"end":{"line":23,"column":2}},"loc":{"start":{"line":23,"column":32},"end":{"line":26,"column":2}},"line":23}},"branchMap":{},"s":{"0":1,"1":0,"2":0,"3":0,"4":0,"5":0,"6":0,"7":0,"8":0,"9":0,"10":0,"11":0,"12":0,"13":1},"f":{"0":0,"1":0,"2":0,"3":0,"4":0},"b":{},"_coverageSchema":"1a1c01bbd47fc00a2c39e90264f33305004495a9","hash":"bf5b81db66f2c830063662f9bb1345776cca982d"}
,"C:\\Users\\Ayushmaan Paul\\Downloads\\leetCodeBackend\\problem-service\\src\\utils\\markdownSanitizer.js": {"path":"C:\\Users\\Ayushmaan Paul\\Downloads\\leetCodeBackend\\problem-service\\src\\utils\\markdownSanitizer.js","statementMap":{"0":{"start":{"line":1,"column":15},"end":{"line":1,"column":32}},"1":{"start":{"line":2,"column":28},"end":{"line":2,"column":52}},"2":{"start":{"line":3,"column":24},"end":{"line":3,"column":43}},"3":{"start":{"line":6,"column":25},"end":{"line":6,"column":46}},"4":{"start":{"line":8,"column":23},"end":{"line":8,"column":52}},"5":{"start":{"line":9,"column":1},"end":{"line":9,"column":46}},"6":{"start":{"line":11,"column":23},"end":{"line":13,"column":3}},"7":{"start":{"line":14,"column":1},"end":{"line":14,"column":46}},"8":{"start":{"line":15,"column":27},"end":{"line":15,"column":66}},"9":{"start":{"line":16,"column":1},"end":{"line":16,"column":54}},"10":{"start":{"line":17,"column":1},"end":{"line":17,"column":26}},"11":{"start":{"line":19,"column":0},"end":{"line":19,"column":41}}},"fnMap":{"0":{"name":"sanitizeMarkdownContent","decl":{"start":{"line":5,"column":9},"end":{"line":5,"column":32}},"loc":{"start":{"line":5,"column":50},"end":{"line":18,"column":1}},"line":5}},"branchMap":{},"s":{"0":1,"1":1,"2":1,"3":0,"4":0,"5":0,"6":0,"7":0,"8":0,"9":0,"10":0,"11":1},"f":{"0":0},"b":{},"_coverageSchema":"1a1c01bbd47fc00a2c39e90264f33305004495a9","hash":"bb47d5c996a01efec30a9e5b51d9ac0ef3ce774f"}
}
