TN:
SF:src\controllers\problem.controller.js
FN:6,pingProblemControllers
FN:12,addProblem
FN:27,getProblem
FN:42,getProblems
FN:56,deleteProblem
FN:69,updateProblem
FNF:6
FNH:2
FNDA:0,pingProblemControllers
FNDA:0,addProblem
FNDA:1,getProblem
FNDA:1,getProblems
FNDA:0,deleteProblem
FNDA:0,updateProblem
DA:1,1
DA:2,1
DA:3,1
DA:4,1
DA:5,1
DA:7,0
DA:13,0
DA:14,0
DA:15,0
DA:16,0
DA:23,0
DA:28,1
DA:29,1
DA:30,0
DA:38,1
DA:43,1
DA:44,1
DA:45,1
DA:52,0
DA:57,0
DA:58,0
DA:59,0
DA:66,0
DA:70,0
DA:71,0
DA:73,0
DA:76,1
LF:27
LH:12
BRF:0
BRH:0
end_of_record
TN:
SF:src\errors\Notimplemented.error.js
FN:5,(anonymous_0)
FNF:1
FNH:0
FNDA:0,(anonymous_0)
DA:1,1
DA:2,1
DA:6,0
DA:14,1
LF:4
LH:3
BRF:0
BRH:0
end_of_record
TN:
SF:src\errors\base.error.js
FN:2,(anonymous_0)
FNF:1
FNH:1
FNDA:1,(anonymous_0)
DA:3,1
DA:4,1
DA:5,1
DA:6,1
DA:10,1
LF:5
LH:5
BRF:0
BRH:0
end_of_record
TN:
SF:src\errors\notFound.error.js
FN:5,(anonymous_0)
FNF:1
FNH:1
FNDA:1,(anonymous_0)
DA:1,1
DA:2,1
DA:6,1
DA:17,1
LF:4
LH:4
BRF:0
BRH:0
end_of_record
TN:
SF:src\models\index.js
FNF:0
FNH:0
DA:1,1
LF:1
LH:1
BRF:0
BRH:0
end_of_record
TN:
SF:src\models\problem.model.js
FNF:0
FNH:0
DA:1,1
DA:2,1
DA:33,1
DA:37,1
LF:4
LH:4
BRF:0
BRH:0
end_of_record
TN:
SF:src\repositorries\index.js
FNF:0
FNH:0
DA:1,1
LF:1
LH:1
BRF:0
BRH:0
end_of_record
TN:
SF:src\repositorries\problem.repository.js
FN:7,(anonymous_0)
FN:20,(anonymous_1)
FN:29,(anonymous_2)
FN:41,(anonymous_3)
FNF:4
FNH:0
FNDA:0,(anonymous_0)
FNDA:0,(anonymous_1)
FNDA:0,(anonymous_2)
FNDA:0,(anonymous_3)
DA:1,1
DA:3,1
DA:4,1
DA:8,0
DA:9,0
DA:14,0
DA:16,0
DA:17,0
DA:21,0
DA:22,0
DA:23,0
DA:25,0
DA:26,0
DA:30,0
DA:31,0
DA:32,0
DA:33,0
DA:35,0
DA:37,0
DA:38,0
DA:42,0
DA:43,0
DA:44,0
DA:48,0
DA:50,0
DA:52,0
DA:53,0
DA:58,1
LF:28
LH:4
BRDA:12,0,0,0
BRDA:12,0,1,0
BRDA:32,1,0,0
BRDA:32,1,1,0
BRDA:44,2,0,0
BRDA:44,2,1,0
BRF:6
BRH:0
end_of_record
TN:
SF:src\services\index.js
FNF:0
FNH:0
DA:1,1
LF:1
LH:1
BRF:0
BRH:0
end_of_record
TN:
SF:src\services\problem.service.js
FN:4,(anonymous_0)
FN:7,(anonymous_1)
FN:15,(anonymous_2)
FN:19,(anonymous_3)
FN:23,(anonymous_4)
FNF:5
FNH:0
FNDA:0,(anonymous_0)
FNDA:0,(anonymous_1)
FNDA:0,(anonymous_2)
FNDA:0,(anonymous_3)
FNDA:0,(anonymous_4)
DA:1,1
DA:5,0
DA:9,0
DA:10,0
DA:11,0
DA:12,0
DA:13,0
DA:16,0
DA:17,0
DA:20,0
DA:21,0
DA:24,0
DA:25,0
DA:28,1
LF:14
LH:2
BRF:0
BRH:0
end_of_record
TN:
SF:src\utils\markdownSanitizer.js
FN:5,sanitizeMarkdownContent
FNF:1
FNH:0
FNDA:0,sanitizeMarkdownContent
DA:1,1
DA:2,1
DA:3,1
DA:6,0
DA:8,0
DA:9,0
DA:11,0
DA:14,0
DA:15,0
DA:16,0
DA:17,0
DA:19,1
LF:12
LH:4
BRF:0
BRH:0
end_of_record
